<?xml version="1.0" encoding="UTF-8" ?>
<testsuite failures="1" time="3.599" errors="0" skipped="0" tests="4" name="TestSuite">
  <properties>
[...]
</properties>
  <testcase time="1.134" classname="se.codemate.neo4j.NeoGroovyTest" name="testGroovy">
    <failure message="Node[97]" type="org.neo4j.graphdb.NotFoundException">org.neo4j.graphdb.NotFoundException: Node[97]
	at org.neo4j.kernel.impl.core.NodeManager.getNodeById(NodeManager.java:393)
	at org.neo4j.kernel.EmbeddedGraphDbImpl.getNodeById(EmbeddedGraphDbImpl.java:223)
	at org.neo4j.kernel.EmbeddedGraphDatabase.getNodeById(EmbeddedGraphDatabase.java:103)
	at sun.reflect.NativeMethodAccessorImpl.invoke0(Native Method)
	at sun.reflect.NativeMethodAccessorImpl.invoke(NativeMethodAccessorImpl.java:39)
	at sun.reflect.DelegatingMethodAccessorImpl.invoke(DelegatingMethodAccessorImpl.java:25)
	at java.lang.reflect.Method.invoke(Method.java:597)
	at org.codehaus.groovy.runtime.callsite.PojoMetaMethodSite$PojoCachedMethodSiteNoUnwrap.invoke(PojoMetaMethodSite.java:209)
	at org.codehaus.groovy.runtime.callsite.PojoMetaMethodSite.call(PojoMetaMethodSite.java:52)
	at org.codehaus.groovy.runtime.callsite.CallSiteArray.defaultCall(CallSiteArray.java:43)
	at org.codehaus.groovy.runtime.callsite.AbstractCallSite.call(AbstractCallSite.java:117)
	at org.codehaus.groovy.runtime.callsite.AbstractCallSite.call(AbstractCallSite.java:125)
	at test.run(test.groovy:4)
	at groovy.lang.GroovyShell.evaluate(GroovyShell.java:491)
	at groovy.lang.GroovyShell.evaluate(GroovyShell.java:526)
	at se.codemate.neo4j.NeoGroovy.evaluate(NeoGroovy.java:62)
	at se.codemate.neo4j.NeoGroovyTest.testGroovy(NeoGroovyTest.java:53)
</failure>
  </testcase>
  <testcase time="0.127" classname="se.codemate.neo4j.NeoSearchTest" name="testSearch"/>
  <testcase time="0.057" classname="se.codemate.neo4j.NeoTest" name="testSearch"/>
  <testcase time="0.576" classname="se.codemate.neo4j.NeoTest" name="testDelete"/>
</testsuite>